[LOG] System::create                           : Header version = 2.00.08. Current version = 2.00.08.
[LOG] Manager::init                            : maxchannels = 256 studioflags = 00000006 flags 00000000 extradriverdata 0000000000000000.
[LOG] SystemI::init                            : Initialize version=20008 (108014), maxchannels=256, flags=0x00020000
[LOG] SystemI::setOutputInternal               : Setting output to 'FMOD WASAPI Output'
[LOG] OutputWASAPI::init                       : Mix Format (WAVEFORMATEX): wFormatTag=0xFFFE, nChannels=2, nSamplesPerSec=48000, nAvgBytesPerSec=384000, nBlockAlign=8, wBitsPerSample=32, cbSize=22.
[LOG] OutputWASAPI::init                       : Mix Format (WAVEFORMATEXTENSIBLE): wValidBitsPerSample=32, dwChannelMask=0x00000003, SubFormat=00000003-0000-0010-8000-00AA00389B71.
[LOG] OutputWASAPI::init                       : Output buffer size: 4096 samples, latency: 0.00ms, period: 10.00ms, DSP buffer: 1024 * 4
[LOG] Thread::initThread                       : Init FMOD stream thread. Priority: 2, Stack Size: 98304, Semaphore: No, Sleep Time: 10, Looping: Yes.
[LOG] Thread::initThread                       : Init FMOD mixer thread. Priority: 3, Stack Size: 81920, Semaphore: No, Sleep Time: 0, Looping: Yes.
[LOG] AsyncManager::init                       : manager 00000171AE4E65D8 isAsync 0 updatePeriod 0.02
[LOG] AsyncManager::init                       : done
[LOG] PlaybackSystem::init                     : 
[LOG] Thread::initThread                       : Init FMOD Studio sample load thread. Priority: 0, Stack Size: 98304, Semaphore: No, Sleep Time: 1, Looping: No.
[LOG] PlaybackSystem::init                     : done
[LOG] Thread::initThread                       : Init FMOD Studio bank load thread. Priority: 0, Stack Size: 98304, Semaphore: No, Sleep Time: 1, Looping: No.
[LOG] Manager::init                            : done.
[LOG] Manager::readBank                        : fileversion = 125, compatVersion = 119 (oldest = 44, newest = 125)
[LOG] Manager::readBank                        : fileversion = 125, compatVersion = 119 (oldest = 44, newest = 125)
[LOG] Manager::readBank                        : fileversion = 125, compatVersion = 119 (oldest = 44, newest = 125)
[LOG] Manager::readBank                        : fileversion = 125, compatVersion = 119 (oldest = 44, newest = 125)
[LOG] PlaybackSystem::acquireMasterBus         : Setting master channel group format to 3
[LOG] Manager::readBank                        : fileversion = 125, compatVersion = 119 (oldest = 44, newest = 125)
[LOG] Manager::readBank                        : fileversion = 125, compatVersion = 119 (oldest = 44, newest = 125)
[LOG] Manager::readBank                        : fileversion = 125, compatVersion = 119 (oldest = 44, newest = 125)
[LOG] Manager::readBank                        : fileversion = 125, compatVersion = 119 (oldest = 44, newest = 125)
[LOG] PlaybackSystem::acquireMasterBus         : Setting master channel group format to 3
[LOG] Manager::readBank                        : fileversion = 125, compatVersion = 119 (oldest = 44, newest = 125)
[LOG] PlaybackSystem::acquireMasterBus         : Setting master channel group format to 3
[LOG] Manager::readBank                        : fileversion = 125, compatVersion = 119 (oldest = 44, newest = 125)
[LOG] SystemI::createSoundInternal             : Create name='', mode=0x02000202
[LOG] SystemI::createSoundInternal             : exinfo->cbsize             = 224
[LOG] SystemI::createSoundInternal             : exinfo->length             = 6206208
[LOG] SystemI::createSoundInternal             : exinfo->fileoffset         = 37216
[LOG] SystemI::createSoundInternal             : exinfo->numsubsounds       = 1
[LOG] SystemI::createSoundInternal             : exinfo->inclusionlist      = 0000000ABBD3F09C
[LOG] SystemI::createSoundInternal             : exinfo->inclusionlistnum   = 1
[LOG] SystemI::createSoundInternal             : exinfo->suggestedsoundtype = 5
[LOG] SystemI::createSoundInternal             : exinfo->useropen           = 00007FFBABF8C320
[LOG] SystemI::createSoundInternal             : exinfo->userclose          = 00007FFBABF8C2F0
[LOG] SystemI::createSoundInternal             : exinfo->userread           = 00007FFBABF8C3F0
[LOG] SystemI::createSoundInternal             : exinfo->userseek           = 00007FFBABF8C4B0
[LOG] SystemI::createSoundInternal             : exinfo->fileuserdata       = 0000017212BA85D8
[LOG] SystemI::createSoundInternal             : exinfo->initialseekpostype = 1
[LOG] SystemI::DSPCodecPoolRegister            : register codec pool for pool type 5
[LOG] SystemI::createSoundInternal             : Sample 0/1: name='SFX_Plaque_Off', format=2, channels=2, frequency=48000, lengthbytes=1920, lengthpcm=6359, pcmblocksize=0, loopstart=0, loopend=0, mode=0x00000000, channelmask=0x00000000, channelorder=0, peakvolume=0.476827.
[LOG] SoundI::release                          :  (000001714A2E9F98)
[LOG] SoundI::release                          :     SFX_Plaque_Off (0000017218F40788)
[LOG] Manager::readBank                        : fileversion = 125, compatVersion = 119 (oldest = 44, newest = 125)
[LOG] PlaybackSystem::acquireMasterBus         : Setting master channel group format to 3
[LOG] Manager::readBank                        : fileversion = 125, compatVersion = 119 (oldest = 44, newest = 125)
[LOG] SystemI::createSoundInternal             : Create name='', mode=0x02000202
[LOG] SystemI::createSoundInternal             : exinfo->cbsize             = 224
[LOG] SystemI::createSoundInternal             : exinfo->length             = 6206208
[LOG] SystemI::createSoundInternal             : exinfo->fileoffset         = 37216
[LOG] SystemI::createSoundInternal             : exinfo->numsubsounds       = 1
[LOG] SystemI::createSoundInternal             : exinfo->inclusionlist      = 0000000ABBD3F09C
[LOG] SystemI::createSoundInternal             : exinfo->inclusionlistnum   = 1
[LOG] SystemI::createSoundInternal             : exinfo->suggestedsoundtype = 5
[LOG] SystemI::createSoundInternal             : exinfo->useropen           = 00007FFBABF8C320
[LOG] SystemI::createSoundInternal             : exinfo->userclose          = 00007FFBABF8C2F0
[LOG] SystemI::createSoundInternal             : exinfo->userread           = 00007FFBABF8C3F0
[LOG] SystemI::createSoundInternal             : exinfo->userseek           = 00007FFBABF8C4B0
[LOG] SystemI::createSoundInternal             : exinfo->fileuserdata       = 0000017212BA83C8
[LOG] SystemI::createSoundInternal             : exinfo->initialseekpostype = 1
[LOG] SystemI::DSPCodecPoolRegister            : register codec pool for pool type 5
[LOG] SystemI::createSoundInternal             : Sample 0/1: name='SFX_Plaque_Off', format=2, channels=2, frequency=48000, lengthbytes=1920, lengthpcm=6359, pcmblocksize=0, loopstart=0, loopend=0, mode=0x00000000, channelmask=0x00000000, channelorder=0, peakvolume=0.476827.
[LOG] SoundI::release                          :  (000001714A2EA278)
[LOG] SoundI::release                          :     SFX_Plaque_Off (0000017218F3E3C8)
[LOG] Manager::readBank                        : fileversion = 125, compatVersion = 119 (oldest = 44, newest = 125)
[LOG] PlaybackSystem::acquireMasterBus         : Setting master channel group format to 3
[LOG] Manager::readBank                        : fileversion = 125, compatVersion = 119 (oldest = 44, newest = 125)
[LOG] SystemI::createSoundInternal             : Create name='', mode=0x02000202
[LOG] SystemI::createSoundInternal             : exinfo->cbsize             = 224
[LOG] SystemI::createSoundInternal             : exinfo->length             = 6206208
[LOG] SystemI::createSoundInternal             : exinfo->fileoffset         = 37216
[LOG] SystemI::createSoundInternal             : exinfo->numsubsounds       = 1
[LOG] SystemI::createSoundInternal             : exinfo->inclusionlist      = 0000000ABBD3F09C
[LOG] SystemI::createSoundInternal             : exinfo->inclusionlistnum   = 1
[LOG] SystemI::createSoundInternal             : exinfo->suggestedsoundtype = 5
[LOG] SystemI::createSoundInternal             : exinfo->useropen           = 00007FFBABF8C320
[LOG] SystemI::createSoundInternal             : exinfo->userclose          = 00007FFBABF8C2F0
[LOG] SystemI::createSoundInternal             : exinfo->userread           = 00007FFBABF8C3F0
[LOG] SystemI::createSoundInternal             : exinfo->userseek           = 00007FFBABF8C4B0
[LOG] SystemI::createSoundInternal             : exinfo->fileuserdata       = 0000017212BA7FA8
[LOG] SystemI::createSoundInternal             : exinfo->initialseekpostype = 1
[LOG] SystemI::DSPCodecPoolRegister            : register codec pool for pool type 5
[LOG] SystemI::createSoundInternal             : Sample 0/1: name='SFX_Plaque_Off', format=2, channels=2, frequency=48000, lengthbytes=1920, lengthpcm=6359, pcmblocksize=0, loopstart=0, loopend=0, mode=0x00000000, channelmask=0x00000000, channelorder=0, peakvolume=0.476827.
[LOG] SoundI::release                          :  (000001714A2E9F98)
[LOG] SoundI::release                          :     SFX_Plaque_Off (0000017218F3FA88)
[LOG] Manager::readBank                        : fileversion = 125, compatVersion = 119 (oldest = 44, newest = 125)
[LOG] PlaybackSystem::acquireMasterBus         : Setting master channel group format to 3
[LOG] Manager::readBank                        : fileversion = 125, compatVersion = 119 (oldest = 44, newest = 125)
[LOG] SystemI::createSoundInternal             : Create name='', mode=0x02000202
[LOG] SystemI::createSoundInternal             : exinfo->cbsize             = 224
[LOG] SystemI::createSoundInternal             : exinfo->length             = 6206208
[LOG] SystemI::createSoundInternal             : exinfo->fileoffset         = 37216
[LOG] SystemI::createSoundInternal             : exinfo->numsubsounds       = 1
[LOG] SystemI::createSoundInternal             : exinfo->inclusionlist      = 0000000ABBD3F09C
[LOG] SystemI::createSoundInternal             : exinfo->inclusionlistnum   = 1
[LOG] SystemI::createSoundInternal             : exinfo->suggestedsoundtype = 5
[LOG] SystemI::createSoundInternal             : exinfo->useropen           = 00007FFBABF8C320
[LOG] SystemI::createSoundInternal             : exinfo->userclose          = 00007FFBABF8C2F0
[LOG] SystemI::createSoundInternal             : exinfo->userread           = 00007FFBABF8C3F0
[LOG] SystemI::createSoundInternal             : exinfo->userseek           = 00007FFBABF8C4B0
[LOG] SystemI::createSoundInternal             : exinfo->fileuserdata       = 0000017212BA85D8
[LOG] SystemI::createSoundInternal             : exinfo->initialseekpostype = 1
[LOG] SystemI::DSPCodecPoolRegister            : register codec pool for pool type 5
[LOG] SystemI::createSoundInternal             : Sample 0/1: name='SFX_Plaque_Off', format=2, channels=2, frequency=48000, lengthbytes=1920, lengthpcm=6359, pcmblocksize=0, loopstart=0, loopend=0, mode=0x00000000, channelmask=0x00000000, channelorder=0, peakvolume=0.476827.
[LOG] SoundI::release                          :  (000001714A2E9F98)
[LOG] SoundI::release                          :     SFX_Plaque_Off (0000017218F3E3C8)
[LOG] Manager::readBank                        : fileversion = 125, compatVersion = 119 (oldest = 44, newest = 125)
[LOG] PlaybackSystem::acquireMasterBus         : Setting master channel group format to 3
[LOG] Manager::readBank                        : fileversion = 125, compatVersion = 119 (oldest = 44, newest = 125)
[LOG] SystemI::createSoundInternal             : Create name='', mode=0x02000202
[LOG] SystemI::createSoundInternal             : exinfo->cbsize             = 224
[LOG] SystemI::createSoundInternal             : exinfo->length             = 6206208
[LOG] SystemI::createSoundInternal             : exinfo->fileoffset         = 37216
[LOG] SystemI::createSoundInternal             : exinfo->numsubsounds       = 1
[LOG] SystemI::createSoundInternal             : exinfo->inclusionlist      = 0000000ABBD3F09C
[LOG] SystemI::createSoundInternal             : exinfo->inclusionlistnum   = 1
[LOG] SystemI::createSoundInternal             : exinfo->suggestedsoundtype = 5
[LOG] SystemI::createSoundInternal             : exinfo->useropen           = 00007FFBABF8C320
[LOG] SystemI::createSoundInternal             : exinfo->userclose          = 00007FFBABF8C2F0
[LOG] SystemI::createSoundInternal             : exinfo->userread           = 00007FFBABF8C3F0
[LOG] SystemI::createSoundInternal             : exinfo->userseek           = 00007FFBABF8C4B0
[LOG] SystemI::createSoundInternal             : exinfo->fileuserdata       = 0000017212BA81B8
[LOG] SystemI::createSoundInternal             : exinfo->initialseekpostype = 1
[LOG] SystemI::DSPCodecPoolRegister            : register codec pool for pool type 5
[LOG] SystemI::createSoundInternal             : Sample 0/1: name='SFX_Plaque_Off', format=2, channels=2, frequency=48000, lengthbytes=1920, lengthpcm=6359, pcmblocksize=0, loopstart=0, loopend=0, mode=0x00000000, channelmask=0x00000000, channelorder=0, peakvolume=0.476827.
[LOG] SoundI::release                          :  (000001714A2E9F98)
[LOG] SoundI::release                          :     SFX_Plaque_Off (0000017218F40108)
[LOG] Manager::readBank                        : fileversion = 125, compatVersion = 119 (oldest = 44, newest = 125)
[LOG] PlaybackSystem::acquireMasterBus         : Setting master channel group format to 3
[LOG] Manager::readBank                        : fileversion = 125, compatVersion = 119 (oldest = 44, newest = 125)
[LOG] SystemI::createSoundInternal             : Create name='', mode=0x02000202
[LOG] SystemI::createSoundInternal             : exinfo->cbsize             = 224
[LOG] SystemI::createSoundInternal             : exinfo->length             = 6206208
[LOG] SystemI::createSoundInternal             : exinfo->fileoffset         = 37216
[LOG] SystemI::createSoundInternal             : exinfo->numsubsounds       = 1
[LOG] SystemI::createSoundInternal             : exinfo->inclusionlist      = 0000000ABBD3F09C
[LOG] SystemI::createSoundInternal             : exinfo->inclusionlistnum   = 1
[LOG] SystemI::createSoundInternal             : exinfo->suggestedsoundtype = 5
[LOG] SystemI::createSoundInternal             : exinfo->useropen           = 00007FFBABF8C320
[LOG] SystemI::createSoundInternal             : exinfo->userclose          = 00007FFBABF8C2F0
[LOG] SystemI::createSoundInternal             : exinfo->userread           = 00007FFBABF8C3F0
[LOG] SystemI::createSoundInternal             : exinfo->userseek           = 00007FFBABF8C4B0
[LOG] SystemI::createSoundInternal             : exinfo->fileuserdata       = 0000017212BA7B88
[LOG] SystemI::createSoundInternal             : exinfo->initialseekpostype = 1
[LOG] SystemI::DSPCodecPoolRegister            : register codec pool for pool type 5
[LOG] SystemI::createSoundInternal             : Sample 0/1: name='SFX_Plaque_Off', format=2, channels=2, frequency=48000, lengthbytes=1920, lengthpcm=6359, pcmblocksize=0, loopstart=0, loopend=0, mode=0x00000000, channelmask=0x00000000, channelorder=0, peakvolume=0.476827.
[LOG] SoundI::release                          :  (000001714A2E9F98)
[LOG] SoundI::release                          :     SFX_Plaque_Off (0000017218F3E3C8)
[LOG] Manager::readBank                        : fileversion = 125, compatVersion = 119 (oldest = 44, newest = 125)
[LOG] PlaybackSystem::acquireMasterBus         : Setting master channel group format to 3
[LOG] Manager::readBank                        : fileversion = 125, compatVersion = 119 (oldest = 44, newest = 125)
[LOG] SystemI::createSoundInternal             : Create name='', mode=0x02000202
[LOG] SystemI::createSoundInternal             : exinfo->cbsize             = 224
[LOG] SystemI::createSoundInternal             : exinfo->length             = 6206208
[LOG] SystemI::createSoundInternal             : exinfo->fileoffset         = 37216
[LOG] SystemI::createSoundInternal             : exinfo->numsubsounds       = 1
[LOG] SystemI::createSoundInternal             : exinfo->inclusionlist      = 0000000ABBD3F09C
[LOG] SystemI::createSoundInternal             : exinfo->inclusionlistnum   = 1
[LOG] SystemI::createSoundInternal             : exinfo->suggestedsoundtype = 5
[LOG] SystemI::createSoundInternal             : exinfo->useropen           = 00007FFBABF8C320
[LOG] SystemI::createSoundInternal             : exinfo->userclose          = 00007FFBABF8C2F0
[LOG] SystemI::createSoundInternal             : exinfo->userread           = 00007FFBABF8C3F0
[LOG] SystemI::createSoundInternal             : exinfo->userseek           = 00007FFBABF8C4B0
[LOG] SystemI::createSoundInternal             : exinfo->fileuserdata       = 0000017212BA85D8
[LOG] SystemI::createSoundInternal             : exinfo->initialseekpostype = 1
[LOG] SystemI::DSPCodecPoolRegister            : register codec pool for pool type 5
[LOG] SystemI::createSoundInternal             : Sample 0/1: name='SFX_Plaque_Off', format=2, channels=2, frequency=48000, lengthbytes=1920, lengthpcm=6359, pcmblocksize=0, loopstart=0, loopend=0, mode=0x00000000, channelmask=0x00000000, channelorder=0, peakvolume=0.476827.
[LOG] SoundI::release                          :  (000001714A2E9F98)
[LOG] SoundI::release                          :     SFX_Plaque_Off (0000017218F3FA88)
[LOG] Manager::readBank                        : fileversion = 125, compatVersion = 119 (oldest = 44, newest = 125)
[LOG] PlaybackSystem::acquireMasterBus         : Setting master channel group format to 3
[LOG] Manager::readBank                        : fileversion = 125, compatVersion = 119 (oldest = 44, newest = 125)
[LOG] SystemI::createSoundInternal             : Create name='', mode=0x02000202
[LOG] SystemI::createSoundInternal             : exinfo->cbsize             = 224
[LOG] SystemI::createSoundInternal             : exinfo->length             = 6206208
[LOG] SystemI::createSoundInternal             : exinfo->fileoffset         = 37216
[LOG] SystemI::createSoundInternal             : exinfo->numsubsounds       = 1
[LOG] SystemI::createSoundInternal             : exinfo->inclusionlist      = 0000000ABBD3F09C
[LOG] SystemI::createSoundInternal             : exinfo->inclusionlistnum   = 1
[LOG] SystemI::createSoundInternal             : exinfo->suggestedsoundtype = 5
[LOG] SystemI::createSoundInternal             : exinfo->useropen           = 00007FFBABF8C320
[LOG] SystemI::createSoundInternal             : exinfo->userclose          = 00007FFBABF8C2F0
[LOG] SystemI::createSoundInternal             : exinfo->userread           = 00007FFBABF8C3F0
[LOG] SystemI::createSoundInternal             : exinfo->userseek           = 00007FFBABF8C4B0
[LOG] SystemI::createSoundInternal             : exinfo->fileuserdata       = 0000017212BA7B88
[LOG] SystemI::createSoundInternal             : exinfo->initialseekpostype = 1
[LOG] SystemI::DSPCodecPoolRegister            : register codec pool for pool type 5
[LOG] SystemI::createSoundInternal             : Sample 0/1: name='SFX_Plaque_On', format=2, channels=2, frequency=48000, lengthbytes=2016, lengthpcm=6726, pcmblocksize=0, loopstart=0, loopend=0, mode=0x00000000, channelmask=0x00000000, channelorder=0, peakvolume=0.303371.
[LOG] SoundI::release                          :  (000001714A2E9F98)
[LOG] SoundI::release                          :     SFX_Plaque_On (0000017218F40928)
[LOG] Manager::readBank                        : fileversion = 125, compatVersion = 119 (oldest = 44, newest = 125)
[LOG] PlaybackSystem::acquireMasterBus         : Setting master channel group format to 3
[LOG] Manager::readBank                        : fileversion = 125, compatVersion = 119 (oldest = 44, newest = 125)
[LOG] SystemI::createSoundInternal             : Create name='', mode=0x02000202
[LOG] SystemI::createSoundInternal             : exinfo->cbsize             = 224
[LOG] SystemI::createSoundInternal             : exinfo->length             = 6206208
[LOG] SystemI::createSoundInternal             : exinfo->fileoffset         = 37216
[LOG] SystemI::createSoundInternal             : exinfo->numsubsounds       = 1
[LOG] SystemI::createSoundInternal             : exinfo->inclusionlist      = 0000000ABBD3F09C
[LOG] SystemI::createSoundInternal             : exinfo->inclusionlistnum   = 1
[LOG] SystemI::createSoundInternal             : exinfo->suggestedsoundtype = 5
[LOG] SystemI::createSoundInternal             : exinfo->useropen           = 00007FFBABF8C320
[LOG] SystemI::createSoundInternal             : exinfo->userclose          = 00007FFBABF8C2F0
[LOG] SystemI::createSoundInternal             : exinfo->userread           = 00007FFBABF8C3F0
[LOG] SystemI::createSoundInternal             : exinfo->userseek           = 00007FFBABF8C4B0
[LOG] SystemI::createSoundInternal             : exinfo->fileuserdata       = 0000017212BA7FA8
[LOG] SystemI::createSoundInternal             : exinfo->initialseekpostype = 1
[LOG] SystemI::DSPCodecPoolRegister            : register codec pool for pool type 5
[LOG] SystemI::createSoundInternal             : Sample 0/1: name='SFX_Plaque_On', format=2, channels=2, frequency=48000, lengthbytes=2016, lengthpcm=6726, pcmblocksize=0, loopstart=0, loopend=0, mode=0x00000000, channelmask=0x00000000, channelorder=0, peakvolume=0.303371.
[LOG] SoundI::release                          :  (000001714A2E9F98)
[LOG] SoundI::release                          :     SFX_Plaque_On (0000017218F3F268)
[LOG] Manager::readBank                        : fileversion = 125, compatVersion = 119 (oldest = 44, newest = 125)
[LOG] PlaybackSystem::acquireMasterBus         : Setting master channel group format to 3
[LOG] Manager::readBank                        : fileversion = 125, compatVersion = 119 (oldest = 44, newest = 125)
[LOG] SystemI::createSoundInternal             : Create name='', mode=0x02000202
[LOG] SystemI::createSoundInternal             : exinfo->cbsize             = 224
[LOG] SystemI::createSoundInternal             : exinfo->length             = 6206208
[LOG] SystemI::createSoundInternal             : exinfo->fileoffset         = 37216
[LOG] SystemI::createSoundInternal             : exinfo->numsubsounds       = 1
[LOG] SystemI::createSoundInternal             : exinfo->inclusionlist      = 0000000ABBD3F09C
[LOG] SystemI::createSoundInternal             : exinfo->inclusionlistnum   = 1
[LOG] SystemI::createSoundInternal             : exinfo->suggestedsoundtype = 5
[LOG] SystemI::createSoundInternal             : exinfo->useropen           = 00007FFBABF8C320
[LOG] SystemI::createSoundInternal             : exinfo->userclose          = 00007FFBABF8C2F0
[LOG] SystemI::createSoundInternal             : exinfo->userread           = 00007FFBABF8C3F0
[LOG] SystemI::createSoundInternal             : exinfo->userseek           = 00007FFBABF8C4B0
[LOG] SystemI::createSoundInternal             : exinfo->fileuserdata       = 0000017212BA7B88
[LOG] SystemI::createSoundInternal             : exinfo->initialseekpostype = 1
[LOG] SystemI::DSPCodecPoolRegister            : register codec pool for pool type 5
[LOG] SystemI::createSoundInternal             : Sample 0/1: name='SFX_Plaque_On', format=2, channels=2, frequency=48000, lengthbytes=2016, lengthpcm=6726, pcmblocksize=0, loopstart=0, loopend=0, mode=0x00000000, channelmask=0x00000000, channelorder=0, peakvolume=0.303371.
[LOG] SoundI::release                          :  (000001714A2EA278)
[LOG] SoundI::release                          :     SFX_Plaque_On (0000017218F3EBE8)
[LOG] Manager::readBank                        : fileversion = 125, compatVersion = 119 (oldest = 44, newest = 125)
[LOG] PlaybackSystem::acquireMasterBus         : Setting master channel group format to 3
[LOG] Manager::readBank                        : fileversion = 125, compatVersion = 119 (oldest = 44, newest = 125)
[LOG] SystemI::createSoundInternal             : Create name='', mode=0x02000202
[LOG] SystemI::createSoundInternal             : exinfo->cbsize             = 224
[LOG] SystemI::createSoundInternal             : exinfo->length             = 6206208
[LOG] SystemI::createSoundInternal             : exinfo->fileoffset         = 37216
[LOG] SystemI::createSoundInternal             : exinfo->numsubsounds       = 1
[LOG] SystemI::createSoundInternal             : exinfo->inclusionlist      = 0000000ABBD3F09C
[LOG] SystemI::createSoundInternal             : exinfo->inclusionlistnum   = 1
[LOG] SystemI::createSoundInternal             : exinfo->suggestedsoundtype = 5
[LOG] SystemI::createSoundInternal             : exinfo->useropen           = 00007FFBABF8C320
[LOG] SystemI::createSoundInternal             : exinfo->userclose          = 00007FFBABF8C2F0
[LOG] SystemI::createSoundInternal             : exinfo->userread           = 00007FFBABF8C3F0
[LOG] SystemI::createSoundInternal             : exinfo->userseek           = 00007FFBABF8C4B0
[LOG] SystemI::createSoundInternal             : exinfo->fileuserdata       = 0000017212BA81B8
[LOG] SystemI::createSoundInternal             : exinfo->initialseekpostype = 1
[LOG] SystemI::DSPCodecPoolRegister            : register codec pool for pool type 5
[LOG] SystemI::createSoundInternal             : Sample 0/1: name='SFX_Plaque_On', format=2, channels=2, frequency=48000, lengthbytes=2016, lengthpcm=6726, pcmblocksize=0, loopstart=0, loopend=0, mode=0x00000000, channelmask=0x00000000, channelorder=0, peakvolume=0.303371.
[LOG] SoundI::release                          :  (000001714A2E9F98)
[LOG] SoundI::release                          :     SFX_Plaque_On (0000017218F3E3C8)
[LOG] Manager::readBank                        : fileversion = 125, compatVersion = 119 (oldest = 44, newest = 125)
[LOG] PlaybackSystem::acquireMasterBus         : Setting master channel group format to 3
[LOG] Manager::readBank                        : fileversion = 125, compatVersion = 119 (oldest = 44, newest = 125)
[LOG] SystemI::createSoundInternal             : Create name='', mode=0x02000202
[LOG] SystemI::createSoundInternal             : exinfo->cbsize             = 224
[LOG] SystemI::createSoundInternal             : exinfo->length             = 6206208
[LOG] SystemI::createSoundInternal             : exinfo->fileoffset         = 37216
[LOG] SystemI::createSoundInternal             : exinfo->numsubsounds       = 1
[LOG] SystemI::createSoundInternal             : exinfo->inclusionlist      = 0000000ABBD3F09C
[LOG] SystemI::createSoundInternal             : exinfo->inclusionlistnum   = 1
[LOG] SystemI::createSoundInternal             : exinfo->suggestedsoundtype = 5
[LOG] SystemI::createSoundInternal             : exinfo->useropen           = 00007FFBABF8C320
[LOG] SystemI::createSoundInternal             : exinfo->userclose          = 00007FFBABF8C2F0
[LOG] SystemI::createSoundInternal             : exinfo->userread           = 00007FFBABF8C3F0
[LOG] SystemI::createSoundInternal             : exinfo->userseek           = 00007FFBABF8C4B0
[LOG] SystemI::createSoundInternal             : exinfo->fileuserdata       = 0000017212BA7978
[LOG] SystemI::createSoundInternal             : exinfo->initialseekpostype = 1
[LOG] SystemI::DSPCodecPoolRegister            : register codec pool for pool type 5
[LOG] SystemI::createSoundInternal             : Sample 0/1: name='SFX_Plaque_On', format=2, channels=2, frequency=48000, lengthbytes=2016, lengthpcm=6726, pcmblocksize=0, loopstart=0, loopend=0, mode=0x00000000, channelmask=0x00000000, channelorder=0, peakvolume=0.303371.
[LOG] SoundI::release                          :  (000001714A2E9F98)
[LOG] SoundI::release                          :     SFX_Plaque_On (0000017218F3E3C8)
[LOG] Manager::readBank                        : fileversion = 125, compatVersion = 119 (oldest = 44, newest = 125)
[LOG] PlaybackSystem::acquireMasterBus         : Setting master channel group format to 3
[LOG] Manager::readBank                        : fileversion = 125, compatVersion = 119 (oldest = 44, newest = 125)
[LOG] SystemI::createSoundInternal             : Create name='', mode=0x02000202
[LOG] SystemI::createSoundInternal             : exinfo->cbsize             = 224
[LOG] SystemI::createSoundInternal             : exinfo->length             = 6206208
[LOG] SystemI::createSoundInternal             : exinfo->fileoffset         = 37216
[LOG] SystemI::createSoundInternal             : exinfo->numsubsounds       = 1
[LOG] SystemI::createSoundInternal             : exinfo->inclusionlist      = 0000000ABBD3F09C
[LOG] SystemI::createSoundInternal             : exinfo->inclusionlistnum   = 1
[LOG] SystemI::createSoundInternal             : exinfo->suggestedsoundtype = 5
[LOG] SystemI::createSoundInternal             : exinfo->useropen           = 00007FFBABF8C320
[LOG] SystemI::createSoundInternal             : exinfo->userclose          = 00007FFBABF8C2F0
[LOG] SystemI::createSoundInternal             : exinfo->userread           = 00007FFBABF8C3F0
[LOG] SystemI::createSoundInternal             : exinfo->userseek           = 00007FFBABF8C4B0
[LOG] SystemI::createSoundInternal             : exinfo->fileuserdata       = 0000017212BA7FA8
[LOG] SystemI::createSoundInternal             : exinfo->initialseekpostype = 1
[LOG] SystemI::DSPCodecPoolRegister            : register codec pool for pool type 5
[LOG] SystemI::createSoundInternal             : Sample 0/1: name='SFX_PorteBroken', format=2, channels=2, frequency=48000, lengthbytes=16096, lengthpcm=55648, pcmblocksize=0, loopstart=0, loopend=0, mode=0x00000000, channelmask=0x00000000, channelorder=0, peakvolume=0.461181.
[LOG] SoundI::release                          :  (000001714A2EA278)
[LOG] SoundI::release                          :     SFX_PorteBroken (0000017218F3EBE8)
[LOG] Manager::readBank                        : fileversion = 125, compatVersion = 119 (oldest = 44, newest = 125)
[LOG] PlaybackSystem::acquireMasterBus         : Setting master channel group format to 3
[LOG] Manager::readBank                        : fileversion = 125, compatVersion = 119 (oldest = 44, newest = 125)
[LOG] SystemI::createSoundInternal             : Create name='', mode=0x02000202
[LOG] SystemI::createSoundInternal             : exinfo->cbsize             = 224
[LOG] SystemI::createSoundInternal             : exinfo->length             = 6206208
[LOG] SystemI::createSoundInternal             : exinfo->fileoffset         = 37216
[LOG] SystemI::createSoundInternal             : exinfo->numsubsounds       = 1
[LOG] SystemI::createSoundInternal             : exinfo->inclusionlist      = 0000000ABBD3F09C
[LOG] SystemI::createSoundInternal             : exinfo->inclusionlistnum   = 1
[LOG] SystemI::createSoundInternal             : exinfo->suggestedsoundtype = 5
[LOG] SystemI::createSoundInternal             : exinfo->useropen           = 00007FFBABF8C320
[LOG] SystemI::createSoundInternal             : exinfo->userclose          = 00007FFBABF8C2F0
[LOG] SystemI::createSoundInternal             : exinfo->userread           = 00007FFBABF8C3F0
[LOG] SystemI::createSoundInternal             : exinfo->userseek           = 00007FFBABF8C4B0
[LOG] SystemI::createSoundInternal             : exinfo->fileuserdata       = 0000017212BA7FA8
[LOG] SystemI::createSoundInternal             : exinfo->initialseekpostype = 1
[LOG] SystemI::DSPCodecPoolRegister            : register codec pool for pool type 5
[LOG] SystemI::createSoundInternal             : Sample 0/1: name='Choir_Resu', format=2, channels=2, frequency=48000, lengthbytes=36544, lengthpcm=157091, pcmblocksize=0, loopstart=0, loopend=0, mode=0x00000000, channelmask=0x00000000, channelorder=0, peakvolume=0.253295.
[LOG] SoundI::release                          :  (000001714A2E9F98)
[LOG] SoundI::release                          :     Choir_Resu (0000017218F40108)
[LOG] Manager::readBank                        : fileversion = 125, compatVersion = 119 (oldest = 44, newest = 125)
[LOG] PlaybackSystem::acquireMasterBus         : Setting master channel group format to 3
[LOG] Manager::readBank                        : fileversion = 125, compatVersion = 119 (oldest = 44, newest = 125)
[LOG] SystemI::createSoundInternal             : Create name='', mode=0x02000202
[LOG] SystemI::createSoundInternal             : exinfo->cbsize             = 224
[LOG] SystemI::createSoundInternal             : exinfo->length             = 6206208
[LOG] SystemI::createSoundInternal             : exinfo->fileoffset         = 37216
[LOG] SystemI::createSoundInternal             : exinfo->numsubsounds       = 1
[LOG] SystemI::createSoundInternal             : exinfo->inclusionlist      = 0000000ABBD3F09C
[LOG] SystemI::createSoundInternal             : exinfo->inclusionlistnum   = 1
[LOG] SystemI::createSoundInternal             : exinfo->suggestedsoundtype = 5
[LOG] SystemI::createSoundInternal             : exinfo->useropen           = 00007FFBABF8C320
[LOG] SystemI::createSoundInternal             : exinfo->userclose          = 00007FFBABF8C2F0
[LOG] SystemI::createSoundInternal             : exinfo->userread           = 00007FFBABF8C3F0
[LOG] SystemI::createSoundInternal             : exinfo->userseek           = 00007FFBABF8C4B0
[LOG] SystemI::createSoundInternal             : exinfo->fileuserdata       = 0000017212BA7B88
[LOG] SystemI::createSoundInternal             : exinfo->initialseekpostype = 1
[LOG] SystemI::DSPCodecPoolRegister            : register codec pool for pool type 5
[LOG] SystemI::createSoundInternal             : Sample 0/1: name='SFX_Manivelle_Loop', format=2, channels=2, frequency=48000, lengthbytes=20544, lengthpcm=55291, pcmblocksize=0, loopstart=0, loopend=0, mode=0x00000000, channelmask=0x00000000, channelorder=0, peakvolume=0.891834.
[LOG] SystemI::createSoundInternal             : Create name='', mode=0x02000202
[LOG] SystemI::createSoundInternal             : exinfo->cbsize             = 224
[LOG] SystemI::createSoundInternal             : exinfo->length             = 6206208
[LOG] SystemI::createSoundInternal             : exinfo->fileoffset         = 37216
[LOG] SystemI::createSoundInternal             : exinfo->numsubsounds       = 1
[LOG] SystemI::createSoundInternal             : exinfo->inclusionlist      = 0000000ABBD3F09C
[LOG] SystemI::createSoundInternal             : exinfo->inclusionlistnum   = 1
[LOG] SystemI::createSoundInternal             : exinfo->suggestedsoundtype = 5
[LOG] SystemI::createSoundInternal             : exinfo->useropen           = 00007FFBABF8C320
[LOG] SystemI::createSoundInternal             : exinfo->userclose          = 00007FFBABF8C2F0
[LOG] SystemI::createSoundInternal             : exinfo->userread           = 00007FFBABF8C3F0
[LOG] SystemI::createSoundInternal             : exinfo->userseek           = 00007FFBABF8C4B0
[LOG] SystemI::createSoundInternal             : exinfo->fileuserdata       = 0000017212BA7B88
[LOG] SystemI::createSoundInternal             : exinfo->initialseekpostype = 1
[LOG] SystemI::DSPCodecPoolRegister            : register codec pool for pool type 5
[LOG] SystemI::createSoundInternal             : Sample 0/1: name='SFX_Manivelle_End', format=2, channels=2, frequency=48000, lengthbytes=7360, lengthpcm=29281, pcmblocksize=0, loopstart=0, loopend=0, mode=0x00000000, channelmask=0x00000000, channelorder=0, peakvolume=0.295740.
[LOG] SystemI::createSoundInternal             : Create name='', mode=0x02000202
[LOG] SystemI::createSoundInternal             : exinfo->cbsize             = 224
[LOG] SystemI::createSoundInternal             : exinfo->length             = 6206208
[LOG] SystemI::createSoundInternal             : exinfo->fileoffset         = 37216
[LOG] SystemI::createSoundInternal             : exinfo->numsubsounds       = 1
[LOG] SystemI::createSoundInternal             : exinfo->inclusionlist      = 0000000ABBD3F09C
[LOG] SystemI::createSoundInternal             : exinfo->inclusionlistnum   = 1
[LOG] SystemI::createSoundInternal             : exinfo->suggestedsoundtype = 5
[LOG] SystemI::createSoundInternal             : exinfo->useropen           = 00007FFBABF8C320
[LOG] SystemI::createSoundInternal             : exinfo->userclose          = 00007FFBABF8C2F0
[LOG] SystemI::createSoundInternal             : exinfo->userread           = 00007FFBABF8C3F0
[LOG] SystemI::createSoundInternal             : exinfo->userseek           = 00007FFBABF8C4B0
[LOG] SystemI::createSoundInternal             : exinfo->fileuserdata       = 0000017212BA7B88
[LOG] SystemI::createSoundInternal             : exinfo->initialseekpostype = 1
[LOG] SystemI::DSPCodecPoolRegister            : register codec pool for pool type 5
[LOG] SystemI::createSoundInternal             : Sample 0/1: name='SFX_Manivelle_Start', format=2, channels=2, frequency=48000, lengthbytes=14304, lengthpcm=39899, pcmblocksize=0, loopstart=0, loopend=0, mode=0x00000000, channelmask=0x00000000, channelorder=0, peakvolume=0.905111.
[LOG] SoundI::release                          :  (000001714A2EA278)
[LOG] SoundI::release                          :     SFX_Manivelle_End (0000017218F3FA88)
[LOG] SoundI::release                          :  (000001714A2E9F98)
[LOG] SoundI::release                          :     SFX_Manivelle_Loop (0000017218F40788)
[LOG] SoundI::release                          :  (00000171F467A0E8)
[LOG] SoundI::release                          :     SFX_Manivelle_Start (0000017218F3F748)
[LOG] Manager::readBank                        : fileversion = 125, compatVersion = 119 (oldest = 44, newest = 125)
[LOG] PlaybackSystem::acquireMasterBus         : Setting master channel group format to 3
[LOG] Manager::readBank                        : fileversion = 125, compatVersion = 119 (oldest = 44, newest = 125)
[LOG] SystemI::createSoundInternal             : Create name='', mode=0x02000202
[LOG] SystemI::createSoundInternal             : exinfo->cbsize             = 224
[LOG] SystemI::createSoundInternal             : exinfo->length             = 6206208
[LOG] SystemI::createSoundInternal             : exinfo->fileoffset         = 37216
[LOG] SystemI::createSoundInternal             : exinfo->numsubsounds       = 1
[LOG] SystemI::createSoundInternal             : exinfo->inclusionlist      = 0000000ABBD3F09C
[LOG] SystemI::createSoundInternal             : exinfo->inclusionlistnum   = 1
[LOG] SystemI::createSoundInternal             : exinfo->suggestedsoundtype = 5
[LOG] SystemI::createSoundInternal             : exinfo->useropen           = 00007FFBABF8C320
[LOG] SystemI::createSoundInternal             : exinfo->userclose          = 00007FFBABF8C2F0
[LOG] SystemI::createSoundInternal             : exinfo->userread           = 00007FFBABF8C3F0
[LOG] SystemI::createSoundInternal             : exinfo->userseek           = 00007FFBABF8C4B0
[LOG] SystemI::createSoundInternal             : exinfo->fileuserdata       = 0000017212BA83C8
[LOG] SystemI::createSoundInternal             : exinfo->initialseekpostype = 1
[LOG] SystemI::DSPCodecPoolRegister            : register codec pool for pool type 5
[LOG] SystemI::createSoundInternal             : Sample 0/1: name='SFX_Manivelle_Loop', format=2, channels=2, frequency=48000, lengthbytes=20544, lengthpcm=55291, pcmblocksize=0, loopstart=0, loopend=0, mode=0x00000000, channelmask=0x00000000, channelorder=0, peakvolume=0.891834.
[LOG] SystemI::createSoundInternal             : Create name='', mode=0x02000202
[LOG] SystemI::createSoundInternal             : exinfo->cbsize             = 224
[LOG] SystemI::createSoundInternal             : exinfo->length             = 6206208
[LOG] SystemI::createSoundInternal             : exinfo->fileoffset         = 37216
[LOG] SystemI::createSoundInternal             : exinfo->numsubsounds       = 1
[LOG] SystemI::createSoundInternal             : exinfo->inclusionlist      = 0000000ABBD3F09C
[LOG] SystemI::createSoundInternal             : exinfo->inclusionlistnum   = 1
[LOG] SystemI::createSoundInternal             : exinfo->suggestedsoundtype = 5
[LOG] SystemI::createSoundInternal             : exinfo->useropen           = 00007FFBABF8C320
[LOG] SystemI::createSoundInternal             : exinfo->userclose          = 00007FFBABF8C2F0
[LOG] SystemI::createSoundInternal             : exinfo->userread           = 00007FFBABF8C3F0
[LOG] SystemI::createSoundInternal             : exinfo->userseek           = 00007FFBABF8C4B0
[LOG] SystemI::createSoundInternal             : exinfo->fileuserdata       = 0000017212BA83C8
[LOG] SystemI::createSoundInternal             : exinfo->initialseekpostype = 1
[LOG] SystemI::DSPCodecPoolRegister            : register codec pool for pool type 5
[LOG] SystemI::createSoundInternal             : Sample 0/1: name='SFX_Manivelle_End', format=2, channels=2, frequency=48000, lengthbytes=7360, lengthpcm=29281, pcmblocksize=0, loopstart=0, loopend=0, mode=0x00000000, channelmask=0x00000000, channelorder=0, peakvolume=0.295740.
[LOG] SystemI::createSoundInternal             : Create name='', mode=0x02000202
[LOG] SystemI::createSoundInternal             : exinfo->cbsize             = 224
[LOG] SystemI::createSoundInternal             : exinfo->length             = 6206208
[LOG] SystemI::createSoundInternal             : exinfo->fileoffset         = 37216
[LOG] SystemI::createSoundInternal             : exinfo->numsubsounds       = 1
[LOG] SystemI::createSoundInternal             : exinfo->inclusionlist      = 0000000ABBD3F09C
[LOG] SystemI::createSoundInternal             : exinfo->inclusionlistnum   = 1
[LOG] SystemI::createSoundInternal             : exinfo->suggestedsoundtype = 5
[LOG] SystemI::createSoundInternal             : exinfo->useropen           = 00007FFBABF8C320
[LOG] SystemI::createSoundInternal             : exinfo->userclose          = 00007FFBABF8C2F0
[LOG] SystemI::createSoundInternal             : exinfo->userread           = 00007FFBABF8C3F0
[LOG] SystemI::createSoundInternal             : exinfo->userseek           = 00007FFBABF8C4B0
[LOG] SystemI::createSoundInternal             : exinfo->fileuserdata       = 0000017212BA83C8
[LOG] SystemI::createSoundInternal             : exinfo->initialseekpostype = 1
[LOG] SystemI::DSPCodecPoolRegister            : register codec pool for pool type 5
[LOG] SystemI::createSoundInternal             : Sample 0/1: name='SFX_Manivelle_Start', format=2, channels=2, frequency=48000, lengthbytes=14304, lengthpcm=39899, pcmblocksize=0, loopstart=0, loopend=0, mode=0x00000000, channelmask=0x00000000, channelorder=0, peakvolume=0.905111.
[LOG] SoundI::release                          :  (000001714A2EA278)
[LOG] SoundI::release                          :     SFX_Manivelle_End (0000017218F40E08)
[LOG] SoundI::release                          :  (000001714A2E9F98)
[LOG] SoundI::release                          :     SFX_Manivelle_Loop (0000017218F3FC28)
[LOG] SoundI::release                          :  (00000171F467A3C8)
[LOG] SoundI::release                          :     SFX_Manivelle_Start (0000017218F40AC8)
